Assembler report for LogBin
Mon May 26 22:57:57 2008
Version 5.0 Build 148 04/26/2005 SJ Full Version


---------------------
; Table of Contents ;
---------------------
  1. Legal Notice
  2. Assembler Summary
  3. Assembler Settings
  4. Assembler Generated Files
  5. Assembler Device Options: L:/My Works/Ingeniería Electrónica/Semestre VI/Sistemas Digitales II/Logaritmo Binario 4 (X16 Y13) Mejorado/LogBin.sof
  6. Assembler Device Options: L:/My Works/Ingeniería Electrónica/Semestre VI/Sistemas Digitales II/Logaritmo Binario 4 (X16 Y13) Mejorado/LogBin.pof
  7. Assembler Messages



----------------
; Legal Notice ;
----------------
Copyright (C) 1991-2005 Altera Corporation
Your use of Altera Corporation's design tools, logic functions 
and other software and tools, and its AMPP partner logic       
functions, and any output files any of the foregoing           
(including device programming or simulation files), and any    
associated documentation or information are expressly subject  
to the terms and conditions of the Altera Program License      
Subscription Agreement, Altera MegaCore Function License       
Agreement, or other applicable license agreement, including,   
without limitation, that your use is for the sole purpose of   
programming logic devices manufactured by Altera and sold by   
Altera or its authorized distributors.  Please refer to the    
applicable agreement for further details.



+---------------------------------------------------------------+
; Assembler Summary                                             ;
+-----------------------+---------------------------------------+
; Assembler Status      ; Successful - Mon May 26 22:57:57 2008 ;
; Revision Name         ; LogBin                                ;
; Top-level Entity Name ; LogBin                                ;
; Family                ; FLEX10K                               ;
; Device                ; EPF10K70RC240-4                       ;
+-----------------------+---------------------------------------+


+-----------------------------------------------------------------------------------------------------------+
; Assembler Settings                                                                                        ;
+--------------------------------------------------------------------------------+----------+---------------+
; Option                                                                         ; Setting  ; Default Value ;
+--------------------------------------------------------------------------------+----------+---------------+
; Use smart compilation                                                          ; Off      ; Off           ;
; Generate Serial Vector Format File (.svf) for Target Device                    ; Off      ; Off           ;
; Generate a JEDEC STAPL Format File (.jam) for Target Device                    ; Off      ; Off           ;
; Generate an uncompressed Jam STAPL Byte Code 2.0 File (.jbc) for Target Device ; Off      ; Off           ;
; Generate a compressed Jam STAPL Byte Code 2.0 File (.jbc) for Target Device    ; On       ; On            ;
; Compression mode                                                               ; Off      ; Off           ;
; Clock source for configuration device                                          ; Internal ; Internal      ;
; Clock frequency of the configuration device                                    ; 10 MHz   ; 10 MHz        ;
; Divide clock frequency by                                                      ; 1        ; 1             ;
; Low-voltage mode                                                               ; on       ; on            ;
; JTAG user code for target device                                               ; 7F       ; 7F            ;
; Configuration device                                                           ; Auto     ; Auto          ;
; JTAG user code for configuration device                                        ; Ffffffff ; Ffffffff      ;
; Configuration device auto user code                                            ; off      ; off           ;
; Generate Tabular Text File (.ttf) For Target Device                            ; Off      ; Off           ;
; Generate Raw Binary File (.rbf) For Target Device                              ; Off      ; Off           ;
; Generate Hexadecimal (Intel-Format) Output File (.hexout) for Target Device    ; Off      ; Off           ;
; Hexadecimal Output File start address                                          ; 0        ; 0             ;
; Hexadecimal Output File count direction                                        ; Up       ; Up            ;
; Release clears before tri-states                                               ; off      ; off           ;
; Auto-restart configuration after error                                         ; On       ; On            ;
+--------------------------------------------------------------------------------+----------+---------------+


+------------------------------------------------------------------------------------------------------------------------+
; Assembler Generated Files                                                                                              ;
+------------------------------------------------------------------------------------------------------------------------+
; File Name                                                                                                              ;
+------------------------------------------------------------------------------------------------------------------------+
; L:/My Works/Ingeniería Electrónica/Semestre VI/Sistemas Digitales II/Logaritmo Binario 4 (X16 Y13) Mejorado/LogBin.sof ;
; L:/My Works/Ingeniería Electrónica/Semestre VI/Sistemas Digitales II/Logaritmo Binario 4 (X16 Y13) Mejorado/LogBin.pof ;
+------------------------------------------------------------------------------------------------------------------------+


+--------------------------------------------------------------------------------------------------------------------------------------------------+
; Assembler Device Options: L:/My Works/Ingeniería Electrónica/Semestre VI/Sistemas Digitales II/Logaritmo Binario 4 (X16 Y13) Mejorado/LogBin.sof ;
+----------------+---------------------------------------------------------------------------------------------------------------------------------+
; Option         ; Setting                                                                                                                         ;
+----------------+---------------------------------------------------------------------------------------------------------------------------------+
; Device         ; EPF10K70RC240-4                                                                                                                 ;
; JTAG usercode  ; 0x0000007F                                                                                                                      ;
; Checksum       ; 0x0005398C                                                                                                                      ;
+----------------+---------------------------------------------------------------------------------------------------------------------------------+


+--------------------------------------------------------------------------------------------------------------------------------------------------+
; Assembler Device Options: L:/My Works/Ingeniería Electrónica/Semestre VI/Sistemas Digitales II/Logaritmo Binario 4 (X16 Y13) Mejorado/LogBin.pof ;
+----------------+---------------------------------------------------------------------------------------------------------------------------------+
; Option         ; Setting                                                                                                                         ;
+----------------+---------------------------------------------------------------------------------------------------------------------------------+
; Device         ; EPC2                                                                                                                            ;
; JTAG usercode  ; 0x00000000                                                                                                                      ;
; Checksum       ; 0x018FA08C                                                                                                                      ;
+----------------+---------------------------------------------------------------------------------------------------------------------------------+


+--------------------+
; Assembler Messages ;
+--------------------+
Info: *******************************************************************
Info: Running Quartus II Assembler
    Info: Version 5.0 Build 148 04/26/2005 SJ Full Version
    Info: Processing started: Mon May 26 22:57:57 2008
Info: Command: quartus_asm --read_settings_files=off --write_settings_files=off LogBin -c LogBin
Info: Quartus II Assembler was successful. 0 errors, 0 warnings
    Info: Processing ended: Mon May 26 22:57:57 2008
    Info: Elapsed time: 00:00:01


