Fitter report for LogBin
Mon May 26 22:57:55 2008
Version 5.0 Build 148 04/26/2005 SJ Full Version


---------------------
; Table of Contents ;
---------------------
  1. Legal Notice
  2. Fitter Summary
  3. Fitter Settings
  4. Fitter Device Options
  5. Fitter Equations
  6. Input Pins
  7. Output Pins
  8. All Package Pins
  9. Control Signals
 10. Global & Other Fast Signals
 11. Carry Chains
 12. Non-Global High Fan-Out Signals
 13. Peripheral Signals
 14. LAB
 15. Local Routing Interconnect
 16. LAB External Interconnect
 17. Row Interconnect
 18. LAB Column Interconnect
 19. LAB Column Interconnect
 20. Fitter Resource Usage Summary
 21. Fitter Resource Utilization by Entity
 22. Delay Chain Summary
 23. Pin-Out File
 24. Fitter Messages



----------------
; Legal Notice ;
----------------
Copyright (C) 1991-2005 Altera Corporation
Your use of Altera Corporation's design tools, logic functions 
and other software and tools, and its AMPP partner logic       
functions, and any output files any of the foregoing           
(including device programming or simulation files), and any    
associated documentation or information are expressly subject  
to the terms and conditions of the Altera Program License      
Subscription Agreement, Altera MegaCore Function License       
Agreement, or other applicable license agreement, including,   
without limitation, that your use is for the sole purpose of   
programming logic devices manufactured by Altera and sold by   
Altera or its authorized distributors.  Please refer to the    
applicable agreement for further details.



+------------------------------------------------------------------+
; Fitter Summary                                                   ;
+-----------------------+------------------------------------------+
; Fitter Status         ; Successful - Mon May 26 22:57:55 2008    ;
; Quartus II Version    ; 5.0 Build 148 04/26/2005 SJ Full Version ;
; Revision Name         ; LogBin                                   ;
; Top-level Entity Name ; LogBin                                   ;
; Family                ; FLEX10K                                  ;
; Device                ; EPF10K70RC240-4                          ;
; Timing Models         ; Final                                    ;
; Total logic elements  ; 461 / 3,744 ( 12 % )                     ;
; Total pins            ; 50 / 189 ( 26 % )                        ;
; Total memory bits     ; 0 / 18,432 ( 0 % )                       ;
+-----------------------+------------------------------------------+


+------------------------------------------------------------------------------------------------------+
; Fitter Settings                                                                                      ;
+------------------------------------------------------------+--------------------+--------------------+
; Option                                                     ; Setting            ; Default Value      ;
+------------------------------------------------------------+--------------------+--------------------+
; Device                                                     ; EPF10K70RC240-4    ;                    ;
; Use smart compilation                                      ; Off                ; Off                ;
; Placement Effort Multiplier                                ; 1.0                ; 1.0                ;
; Router Effort Multiplier                                   ; 1.0                ; 1.0                ;
; Optimize Timing                                            ; Normal compilation ; Normal compilation ;
; Optimize IOC Register Placement for Timing                 ; On                 ; On                 ;
; Limit to One Fitting Attempt                               ; Off                ; Off                ;
; Final Placement Optimizations                              ; Automatically      ; Automatically      ;
; Fitter Initial Placement Seed                              ; 1                  ; 1                  ;
; Slow Slew Rate                                             ; Off                ; Off                ;
; Auto Global Memory Control Signals                         ; Off                ; Off                ;
; Logic Cell Insertion - Individual Logic Cells              ; On                 ; On                 ;
; Logic Cell Insertion - I/Os Fed By Carry or Cascade Chains ; On                 ; On                 ;
; Fitter Effort                                              ; Auto Fit           ; Auto Fit           ;
; Auto Global Clock                                          ; On                 ; On                 ;
; Auto Global Output Enable                                  ; On                 ; On                 ;
; Auto Global Register Control Signals                       ; On                 ; On                 ;
+------------------------------------------------------------+--------------------+--------------------+


+-------------------------------------------------------------------------+
; Fitter Device Options                                                   ;
+----------------------------------------------+--------------------------+
; Option                                       ; Setting                  ;
+----------------------------------------------+--------------------------+
; Enable user-supplied start-up clock (CLKUSR) ; Off                      ;
; Enable device-wide reset (DEV_CLRn)          ; Off                      ;
; Enable device-wide output enable (DEV_OE)    ; Off                      ;
; Enable INIT_DONE output                      ; Off                      ;
; Configuration scheme                         ; Passive Serial           ;
; Reserve all unused pins                      ; As output driving ground ;
; Base pin-out file on sameframe device        ; Off                      ;
+----------------------------------------------+--------------------------+


+------------------+
; Fitter Equations ;
+------------------+
The equations can be found in L:/My Works/Ingeniería Electrónica/Semestre VI/Sistemas Digitales II/Logaritmo Binario 4 (X16 Y13) Mejorado/LogBin.fit.eqn.


+-----------------------------------------------------------------------------------------------------------------------------------------+
; Input Pins                                                                                                                              ;
+---------+-------+-----+------+---------+--------+--------------+-------------------------+---------------+---------------+--------------+
; Name    ; Pin # ; Row ; Col. ; Fan-Out ; Global ; I/O Register ; Use Local Routing Input ; Power Up High ; Single-Pin CE ; I/O Standard ;
+---------+-------+-----+------+---------+--------+--------------+-------------------------+---------------+---------------+--------------+
; START   ; 90    ; --  ; --   ; 4       ; no     ; no           ; no                      ; no            ; no            ; TTL          ;
; CLK     ; 91    ; --  ; --   ; 43      ; yes    ; no           ; no                      ; no            ; no            ; TTL          ;
; RST     ; 212   ; --  ; --   ; 10      ; yes    ; no           ; no                      ; no            ; no            ; TTL          ;
; NUM[15] ; 92    ; --  ; --   ; 1       ; no     ; no           ; no                      ; no            ; no            ; TTL          ;
; NUM[14] ; 211   ; --  ; --   ; 1       ; no     ; no           ; no                      ; no            ; no            ; TTL          ;
; NUM[13] ; 38    ;  F  ; --   ; 1       ; no     ; no           ; no                      ; no            ; no            ; TTL          ;
; NUM[12] ; 40    ;  F  ; --   ; 1       ; no     ; no           ; no                      ; no            ; no            ; TTL          ;
; NUM[11] ; 148   ;  F  ; --   ; 1       ; no     ; no           ; no                      ; no            ; no            ; TTL          ;
; NUM[10] ; 159   ;  D  ; --   ; 1       ; no     ; no           ; no                      ; no            ; no            ; TTL          ;
; NUM[0]  ; 25    ;  D  ; --   ; 1       ; no     ; no           ; no                      ; no            ; no            ; TTL          ;
; NUM[1]  ; 156   ;  D  ; --   ; 1       ; no     ; no           ; no                      ; no            ; no            ; TTL          ;
; NUM[9]  ; 157   ;  D  ; --   ; 1       ; no     ; no           ; no                      ; no            ; no            ; TTL          ;
; NUM[8]  ; 29    ;  D  ; --   ; 1       ; no     ; no           ; no                      ; no            ; no            ; TTL          ;
; NUM[2]  ; 39    ;  F  ; --   ; 1       ; no     ; no           ; no                      ; no            ; no            ; TTL          ;
; NUM[3]  ; 28    ;  D  ; --   ; 1       ; no     ; no           ; no                      ; no            ; no            ; TTL          ;
; NUM[4]  ; 158   ;  D  ; --   ; 1       ; no     ; no           ; no                      ; no            ; no            ; TTL          ;
; NUM[5]  ; 147   ;  F  ; --   ; 1       ; no     ; no           ; no                      ; no            ; no            ; TTL          ;
; NUM[6]  ; 36    ;  F  ; --   ; 1       ; no     ; no           ; no                      ; no            ; no            ; TTL          ;
; NUM[7]  ; 41    ;  F  ; --   ; 1       ; no     ; no           ; no                      ; no            ; no            ; TTL          ;
+---------+-------+-----+------+---------+--------+--------------+-------------------------+---------------+---------------+--------------+


+-----------------------------------------------------------------------------------------------------------------------------------------------------------------------------------+
; Output Pins                                                                                                                                                                       ;
+-------+-------+-----+------+--------------+--------------------------+---------------+----------------+---------------+---------------+------------+---------------+--------------+
; Name  ; Pin # ; Row ; Col. ; I/O Register ; Use Local Routing Output ; Power Up High ; Slow Slew Rate ; Single-Pin OE ; Single-Pin CE ; Open Drain ; TRI Primitive ; I/O Standard ;
+-------+-------+-----+------+--------------+--------------------------+---------------+----------------+---------------+---------------+------------+---------------+--------------+
; READY ; 228   ; --  ; 40   ; no           ; no                       ; no            ; no             ; no            ; no            ; no         ; no            ; TTL          ;
; -INF  ; 144   ;  F  ; --   ; no           ; no                       ; no            ; no             ; no            ; no            ; no         ; no            ; TTL          ;
; C[4]  ; 53    ;  I  ; --   ; no           ; no                       ; no            ; no             ; no            ; no            ; no         ; no            ; TTL          ;
; C[3]  ; 215   ; --  ; 29   ; no           ; no                       ; no            ; no             ; no            ; no            ; no         ; no            ; TTL          ;
; C[2]  ; 86    ; --  ; 29   ; no           ; no                       ; no            ; no             ; no            ; no            ; no         ; no            ; TTL          ;
; C[1]  ; 129   ;  I  ; --   ; no           ; no                       ; no            ; no             ; no            ; no            ; no         ; no            ; TTL          ;
; C[0]  ; 51    ;  I  ; --   ; no           ; no                       ; no            ; no             ; no            ; no            ; no         ; no            ; TTL          ;
; M[7]  ; 128   ;  I  ; --   ; no           ; no                       ; no            ; no             ; no            ; no            ; no         ; no            ; TTL          ;
; M[6]  ; 213   ; --  ; 27   ; no           ; no                       ; no            ; no             ; no            ; no            ; no         ; no            ; TTL          ;
; M[5]  ; 55    ;  I  ; --   ; no           ; no                       ; no            ; no             ; no            ; no            ; no         ; no            ; TTL          ;
; M[4]  ; 88    ; --  ; 27   ; no           ; no                       ; no            ; no             ; no            ; no            ; no         ; no            ; TTL          ;
; M[3]  ; 87    ; --  ; 28   ; no           ; no                       ; no            ; no             ; no            ; no            ; no         ; no            ; TTL          ;
; M[2]  ; 83    ; --  ; 31   ; no           ; no                       ; no            ; no             ; no            ; no            ; no         ; no            ; TTL          ;
; M[1]  ; 218   ; --  ; 32   ; no           ; no                       ; no            ; no             ; no            ; no            ; no         ; no            ; TTL          ;
; M[0]  ; 152   ;  E  ; --   ; no           ; no                       ; no            ; no             ; no            ; no            ; no         ; no            ; TTL          ;
; SS[2] ; 72    ; --  ; 42   ; no           ; no                       ; no            ; no             ; no            ; no            ; no         ; no            ; TTL          ;
; SS[1] ; 31    ;  E  ; --   ; no           ; no                       ; no            ; no             ; no            ; no            ; no         ; no            ; TTL          ;
; SS[0] ; 146   ;  F  ; --   ; no           ; no                       ; no            ; no             ; no            ; no            ; no         ; no            ; TTL          ;
; Y[12] ; 81    ; --  ; 33   ; no           ; no                       ; no            ; no             ; no            ; no            ; no         ; no            ; TTL          ;
; Y[11] ; 56    ;  I  ; --   ; no           ; no                       ; no            ; no             ; no            ; no            ; no         ; no            ; TTL          ;
; Y[10] ; 151   ;  E  ; --   ; no           ; no                       ; no            ; no             ; no            ; no            ; no         ; no            ; TTL          ;
; Y[9]  ; 54    ;  I  ; --   ; no           ; no                       ; no            ; no             ; no            ; no            ; no         ; no            ; TTL          ;
; Y[8]  ; 141   ;  G  ; --   ; no           ; no                       ; no            ; no             ; no            ; no            ; no         ; no            ; TTL          ;
; Y[7]  ; 221   ; --  ; 33   ; no           ; no                       ; no            ; no             ; no            ; no            ; no         ; no            ; TTL          ;
; Y[6]  ; 80    ; --  ; 34   ; no           ; no                       ; no            ; no             ; no            ; no            ; no         ; no            ; TTL          ;
; Y[5]  ; 220   ; --  ; 33   ; no           ; no                       ; no            ; no             ; no            ; no            ; no         ; no            ; TTL          ;
; Y[4]  ; 82    ; --  ; 32   ; no           ; no                       ; no            ; no             ; no            ; no            ; no         ; no            ; TTL          ;
; Y[3]  ; 217   ; --  ; 31   ; no           ; no                       ; no            ; no             ; no            ; no            ; no         ; no            ; TTL          ;
; Y[2]  ; 127   ;  I  ; --   ; no           ; no                       ; no            ; no             ; no            ; no            ; no         ; no            ; TTL          ;
; Y[1]  ; 219   ; --  ; 32   ; no           ; no                       ; no            ; no             ; no            ; no            ; no         ; no            ; TTL          ;
; Y[0]  ; 35    ;  E  ; --   ; no           ; no                       ; no            ; no             ; no            ; no            ; no         ; no            ; TTL          ;
+-------+-------+-----+------+--------------+--------------------------+---------------+----------------+---------------+---------------+------------+---------------+--------------+


+-----------------------------------+
; All Package Pins                  ;
+-------+------------+--------------+
; Pin # ; Usage      ; I/O Standard ;
+-------+------------+--------------+
; 1     ; #TCK       ;              ;
; 2     ; ^CONF_DONE ;              ;
; 3     ; ^nCEO      ;              ;
; 4     ; #TDO       ;              ;
; 5     ; VCC_INT    ;              ;
; 6     ; GND*       ;              ;
; 7     ; GND*       ;              ;
; 8     ; GND*       ;              ;
; 9     ; GND*       ;              ;
; 10    ; GND_INT    ;              ;
; 11    ; GND*       ;              ;
; 12    ; GND*       ;              ;
; 13    ; GND*       ;              ;
; 14    ; GND*       ;              ;
; 15    ; GND*       ;              ;
; 16    ; VCC_INT    ;              ;
; 17    ; GND*       ;              ;
; 18    ; GND*       ;              ;
; 19    ; GND*       ;              ;
; 20    ; GND*       ;              ;
; 21    ; GND*       ;              ;
; 22    ; GND_INT    ;              ;
; 23    ; GND*       ;              ;
; 24    ; GND*       ;              ;
; 25    ; NUM[0]     ; TTL          ;
; 26    ; GND*       ;              ;
; 27    ; VCC_INT    ;              ;
; 28    ; NUM[3]     ; TTL          ;
; 29    ; NUM[8]     ; TTL          ;
; 30    ; GND*       ;              ;
; 31    ; SS[1]      ; TTL          ;
; 32    ; GND_INT    ;              ;
; 33    ; GND*       ;              ;
; 34    ; GND*       ;              ;
; 35    ; Y[0]       ; TTL          ;
; 36    ; NUM[6]     ; TTL          ;
; 37    ; VCC_INT    ;              ;
; 38    ; NUM[13]    ; TTL          ;
; 39    ; NUM[2]     ; TTL          ;
; 40    ; NUM[12]    ; TTL          ;
; 41    ; NUM[7]     ; TTL          ;
; 42    ; GND_INT    ;              ;
; 43    ; GND*       ;              ;
; 44    ; GND*       ;              ;
; 45    ; GND*       ;              ;
; 46    ; GND*       ;              ;
; 47    ; VCC_INT    ;              ;
; 48    ; GND*       ;              ;
; 49    ; GND*       ;              ;
; 50    ; GND*       ;              ;
; 51    ; C[0]       ; TTL          ;
; 52    ; GND_INT    ;              ;
; 53    ; C[4]       ; TTL          ;
; 54    ; Y[9]       ; TTL          ;
; 55    ; M[5]       ; TTL          ;
; 56    ; Y[11]      ; TTL          ;
; 57    ; VCC_INT    ;              ;
; 58    ; #TMS       ;              ;
; 59    ; #TRST      ;              ;
; 60    ; ^nSTATUS   ;              ;
; 61    ; GND*       ;              ;
; 62    ; GND*       ;              ;
; 63    ; GND*       ;              ;
; 64    ; GND*       ;              ;
; 65    ; GND*       ;              ;
; 66    ; GND*       ;              ;
; 67    ; GND*       ;              ;
; 68    ; GND*       ;              ;
; 69    ; GND_INT    ;              ;
; 70    ; GND*       ;              ;
; 71    ; GND*       ;              ;
; 72    ; SS[2]      ; TTL          ;
; 73    ; GND*       ;              ;
; 74    ; GND*       ;              ;
; 75    ; GND*       ;              ;
; 76    ; GND*       ;              ;
; 77    ; VCC_INT    ;              ;
; 78    ; GND*       ;              ;
; 79    ; GND*       ;              ;
; 80    ; Y[6]       ; TTL          ;
; 81    ; Y[12]      ; TTL          ;
; 82    ; Y[4]       ; TTL          ;
; 83    ; M[2]       ; TTL          ;
; 84    ; GND*       ;              ;
; 85    ; GND_INT    ;              ;
; 86    ; C[2]       ; TTL          ;
; 87    ; M[3]       ; TTL          ;
; 88    ; M[4]       ; TTL          ;
; 89    ; VCC_INT    ;              ;
; 90    ; START      ; TTL          ;
; 91    ; CLK        ; TTL          ;
; 92    ; NUM[15]    ; TTL          ;
; 93    ; GND_INT    ;              ;
; 94    ; GND*       ;              ;
; 95    ; GND*       ;              ;
; 96    ; VCC_INT    ;              ;
; 97    ; GND*       ;              ;
; 98    ; GND*       ;              ;
; 99    ; GND*       ;              ;
; 100   ; GND*       ;              ;
; 101   ; GND*       ;              ;
; 102   ; GND*       ;              ;
; 103   ; GND*       ;              ;
; 104   ; GND_INT    ;              ;
; 105   ; GND*       ;              ;
; 106   ; GND*       ;              ;
; 107   ; GND*       ;              ;
; 108   ; GND*       ;              ;
; 109   ; GND*       ;              ;
; 110   ; GND*       ;              ;
; 111   ; GND*       ;              ;
; 112   ; VCC_INT    ;              ;
; 113   ; GND*       ;              ;
; 114   ; GND*       ;              ;
; 115   ; GND*       ;              ;
; 116   ; GND*       ;              ;
; 117   ; GND*       ;              ;
; 118   ; GND*       ;              ;
; 119   ; GND*       ;              ;
; 120   ; GND*       ;              ;
; 121   ; ^nCONFIG   ;              ;
; 122   ; VCC_INT    ;              ;
; 123   ; ^MSEL1     ;              ;
; 124   ; ^MSEL0     ;              ;
; 125   ; GND_INT    ;              ;
; 126   ; GND*       ;              ;
; 127   ; Y[2]       ; TTL          ;
; 128   ; M[7]       ; TTL          ;
; 129   ; C[1]       ; TTL          ;
; 130   ; VCC_INT    ;              ;
; 131   ; GND*       ;              ;
; 132   ; GND*       ;              ;
; 133   ; GND*       ;              ;
; 134   ; GND*       ;              ;
; 135   ; GND_INT    ;              ;
; 136   ; GND*       ;              ;
; 137   ; GND*       ;              ;
; 138   ; GND*       ;              ;
; 139   ; GND*       ;              ;
; 140   ; VCC_INT    ;              ;
; 141   ; Y[8]       ; TTL          ;
; 142   ; GND*       ;              ;
; 143   ; GND*       ;              ;
; 144   ; -INF       ; TTL          ;
; 145   ; GND_INT    ;              ;
; 146   ; SS[0]      ; TTL          ;
; 147   ; NUM[5]     ; TTL          ;
; 148   ; NUM[11]    ; TTL          ;
; 149   ; GND*       ;              ;
; 150   ; VCC_INT    ;              ;
; 151   ; Y[10]      ; TTL          ;
; 152   ; M[0]       ; TTL          ;
; 153   ; GND*       ;              ;
; 154   ; GND*       ;              ;
; 155   ; GND_INT    ;              ;
; 156   ; NUM[1]     ; TTL          ;
; 157   ; NUM[9]     ; TTL          ;
; 158   ; NUM[4]     ; TTL          ;
; 159   ; NUM[10]    ; TTL          ;
; 160   ; VCC_INT    ;              ;
; 161   ; GND*       ;              ;
; 162   ; GND*       ;              ;
; 163   ; GND*       ;              ;
; 164   ; GND*       ;              ;
; 165   ; GND_INT    ;              ;
; 166   ; GND*       ;              ;
; 167   ; GND*       ;              ;
; 168   ; GND*       ;              ;
; 169   ; GND*       ;              ;
; 170   ; VCC_INT    ;              ;
; 171   ; GND*       ;              ;
; 172   ; GND*       ;              ;
; 173   ; GND*       ;              ;
; 174   ; GND*       ;              ;
; 175   ; GND*       ;              ;
; 176   ; GND_INT    ;              ;
; 177   ; #TDI       ;              ;
; 178   ; ^nCE       ;              ;
; 179   ; ^DCLK      ;              ;
; 180   ; ^DATA0     ;              ;
; 181   ; GND*       ;              ;
; 182   ; GND*       ;              ;
; 183   ; GND*       ;              ;
; 184   ; GND*       ;              ;
; 185   ; GND*       ;              ;
; 186   ; GND*       ;              ;
; 187   ; GND*       ;              ;
; 188   ; GND*       ;              ;
; 189   ; VCC_INT    ;              ;
; 190   ; GND*       ;              ;
; 191   ; GND*       ;              ;
; 192   ; GND*       ;              ;
; 193   ; GND*       ;              ;
; 194   ; GND*       ;              ;
; 195   ; GND*       ;              ;
; 196   ; GND*       ;              ;
; 197   ; GND_INT    ;              ;
; 198   ; GND*       ;              ;
; 199   ; GND*       ;              ;
; 200   ; GND*       ;              ;
; 201   ; GND*       ;              ;
; 202   ; GND*       ;              ;
; 203   ; GND*       ;              ;
; 204   ; GND*       ;              ;
; 205   ; VCC_INT    ;              ;
; 206   ; GND*       ;              ;
; 207   ; GND*       ;              ;
; 208   ; GND*       ;              ;
; 209   ; GND*       ;              ;
; 210   ; GND+       ;              ;
; 211   ; NUM[14]    ; TTL          ;
; 212   ; RST        ; TTL          ;
; 213   ; M[6]       ; TTL          ;
; 214   ; GND*       ;              ;
; 215   ; C[3]       ; TTL          ;
; 216   ; GND_INT    ;              ;
; 217   ; Y[3]       ; TTL          ;
; 218   ; M[1]       ; TTL          ;
; 219   ; Y[1]       ; TTL          ;
; 220   ; Y[5]       ; TTL          ;
; 221   ; Y[7]       ; TTL          ;
; 222   ; GND*       ;              ;
; 223   ; GND*       ;              ;
; 224   ; VCC_INT    ;              ;
; 225   ; GND*       ;              ;
; 226   ; GND*       ;              ;
; 227   ; GND*       ;              ;
; 228   ; READY      ; TTL          ;
; 229   ; GND*       ;              ;
; 230   ; GND*       ;              ;
; 231   ; GND*       ;              ;
; 232   ; GND_INT    ;              ;
; 233   ; GND*       ;              ;
; 234   ; GND*       ;              ;
; 235   ; GND*       ;              ;
; 236   ; GND*       ;              ;
; 237   ; GND*       ;              ;
; 238   ; GND*       ;              ;
; 239   ; GND*       ;              ;
; 240   ; GND*       ;              ;
+-------+------------+--------------+


+--------------------------------------------------------------------------------------------------------------+
; Control Signals                                                                                              ;
+----------------------------------------------+---------+---------+----------------------------+--------------+
; Name                                         ; Pin #   ; Fan-Out ; Usage                      ; Global Usage ;
+----------------------------------------------+---------+---------+----------------------------+--------------+
; fsm_log:inst|load_C                          ; LC1_F27 ; 9       ; Async. load                ; Internal     ;
; fsm_log:inst|s4                              ; LC1_I41 ; 17      ; Clock enable               ; Non-global   ;
; fsm_log:inst|lpm_shiftreg:shifter_X|dffs[15] ; LC8_F22 ; 28      ; Sync. load                 ; Non-global   ;
; fsm_log:inst|lpm_shiftreg:shifter_X|_~1147   ; LC1_D14 ; 1       ; Sync. load                 ; Non-global   ;
; fsm_log:inst|lpm_shiftreg:shifter_X|_~1146   ; LC3_D18 ; 1       ; Sync. load                 ; Non-global   ;
; CLK                                          ; 91      ; 43      ; Clock                      ; Pin          ;
; fsm_log:inst|dec_C                           ; LC8_I30 ; 5       ; Clock enable               ; Non-global   ;
; RST                                          ; 212     ; 10      ; Async. clear / Async. load ; Pin          ;
; fsm_log:inst|_~11                            ; LC3_F27 ; 16      ; Clock enable               ; Non-global   ;
+----------------------------------------------+---------+---------+----------------------------+--------------+


+--------------------------------------------------+
; Global & Other Fast Signals                      ;
+---------------------+---------+---------+--------+
; Name                ; Pin #   ; Fan-Out ; Global ;
+---------------------+---------+---------+--------+
; fsm_log:inst|load_C ; LC1_F27 ; 9       ; yes    ;
; START               ; 90      ; 4       ; no     ;
; CLK                 ; 91      ; 43      ; yes    ;
; RST                 ; 212     ; 10      ; yes    ;
; NUM[15]             ; 92      ; 1       ; no     ;
; NUM[14]             ; 211     ; 1       ; no     ;
+---------------------+---------+---------+--------+


+---------------------------------------------+
; Carry Chains                                ;
+--------------------+------------------------+
; Carry Chain Length ; Number of Carry Chains ;
+--------------------+------------------------+
; 0 - 1              ; 0                      ;
; 2 - 3              ; 0                      ;
; 4 - 5              ; 2                      ;
; 6 - 7              ; 0                      ;
; 8 - 9              ; 3                      ;
; 10 - 11            ; 0                      ;
; 12 - 13            ; 1                      ;
; 14 - 15            ; 0                      ;
; 16 - 17            ; 1                      ;
; 18 - 19            ; 1                      ;
; 20 - 21            ; 4                      ;
; 22 - 23            ; 2                      ;
; 24 - 25            ; 0                      ;
; 26 - 27            ; 1                      ;
+--------------------+------------------------+


+-------------------------------------------------------------------------------------------------------------------------------------------------------------+
; Non-Global High Fan-Out Signals                                                                                                                             ;
+---------------------------------------------------------------------------------------------------------------------------------------------------+---------+
; Name                                                                                                                                              ; Fan-Out ;
+---------------------------------------------------------------------------------------------------------------------------------------------------+---------+
; fsm_log:inst|lpm_mult:cuadrado_X|multcore:mult_core|mul_boothc:booth_enc|sel1_a[0]~COUT                                                           ; 47      ;
; fsm_log:inst|lpm_mult:cuadrado_X|multcore:mult_core|mul_boothc:booth_enc|sel0_a[0]~COUT                                                           ; 47      ;
; fsm_log:inst|lpm_shiftreg:shifter_X|dffs[15]~205                                                                                                  ; 28      ;
; fsm_log:inst|lpm_shiftreg:shifter_X|dffs[3]~216                                                                                                   ; 22      ;
; fsm_log:inst|lpm_shiftreg:shifter_X|dffs[7]~220                                                                                                   ; 22      ;
; fsm_log:inst|lpm_shiftreg:shifter_X|dffs[9]~213                                                                                                   ; 22      ;
; fsm_log:inst|lpm_shiftreg:shifter_X|dffs[13]~207                                                                                                  ; 22      ;
; fsm_log:inst|lpm_shiftreg:shifter_X|dffs[11]~209                                                                                                  ; 22      ;
; fsm_log:inst|lpm_shiftreg:shifter_X|dffs[5]~218                                                                                                   ; 22      ;
; fsm_log:inst|lpm_shiftreg:shifter_X|dffs[8]~214                                                                                                   ; 21      ;
; fsm_log:inst|lpm_shiftreg:shifter_X|dffs[4]~217                                                                                                   ; 21      ;
; fsm_log:inst|lpm_shiftreg:shifter_X|dffs[14]~206                                                                                                  ; 21      ;
; fsm_log:inst|lpm_shiftreg:shifter_X|dffs[2]~215                                                                                                   ; 21      ;
; fsm_log:inst|lpm_shiftreg:shifter_X|dffs[10]~210                                                                                                  ; 21      ;
; fsm_log:inst|lpm_shiftreg:shifter_X|dffs[12]~208                                                                                                  ; 21      ;
; fsm_log:inst|lpm_shiftreg:shifter_X|dffs[6]~219                                                                                                   ; 21      ;
; fsm_log:inst|lpm_mult:cuadrado_X|multcore:mult_core|mul_boothc:booth_enc|sel0_a[5]~COUT                                                           ; 20      ;
; fsm_log:inst|lpm_mult:cuadrado_X|multcore:mult_core|mul_boothc:booth_enc|sel1_a[5]~COUT                                                           ; 20      ;
; fsm_log:inst|lpm_mult:cuadrado_X|multcore:mult_core|mul_boothc:booth_enc|sel0_a[1]~COUT                                                           ; 20      ;
; fsm_log:inst|lpm_mult:cuadrado_X|multcore:mult_core|mul_boothc:booth_enc|sel1_a[1]~COUT                                                           ; 20      ;
; fsm_log:inst|lpm_mult:cuadrado_X|multcore:mult_core|mul_boothc:booth_enc|sel1_a[3]~COUT                                                           ; 20      ;
; fsm_log:inst|lpm_mult:cuadrado_X|multcore:mult_core|mul_boothc:booth_enc|sel0_a[3]~COUT                                                           ; 20      ;
; fsm_log:inst|s1~21                                                                                                                                ; 20      ;
; fsm_log:inst|lpm_mult:cuadrado_X|multcore:mult_core|mul_boothc:booth_enc|sel0_a[7]~COUT                                                           ; 19      ;
; fsm_log:inst|lpm_mult:cuadrado_X|multcore:mult_core|mul_boothc:booth_enc|sel0_a[2]~COUT                                                           ; 19      ;
; fsm_log:inst|lpm_mult:cuadrado_X|multcore:mult_core|mul_boothc:booth_enc|sel1_a[2]~COUT                                                           ; 19      ;
; fsm_log:inst|lpm_mult:cuadrado_X|multcore:mult_core|mul_boothc:booth_enc|sel0_a[6]~COUT                                                           ; 19      ;
; fsm_log:inst|lpm_mult:cuadrado_X|multcore:mult_core|mul_boothc:booth_enc|sel1_a[6]~COUT                                                           ; 19      ;
; fsm_log:inst|lpm_mult:cuadrado_X|multcore:mult_core|mul_boothc:booth_enc|sel1_a[4]~COUT                                                           ; 19      ;
; fsm_log:inst|lpm_mult:cuadrado_X|multcore:mult_core|mul_boothc:booth_enc|sel0_a[4]~COUT                                                           ; 19      ;
; fsm_log:inst|lpm_mult:cuadrado_X|multcore:mult_core|mul_boothc:booth_enc|sel1_a[7]~269                                                            ; 18      ;
; fsm_log:inst|s4~9                                                                                                                                 ; 17      ;
; fsm_log:inst|estados[0]~182                                                                                                                       ; 17      ;
; fsm_log:inst|_~110                                                                                                                                ; 16      ;
; fsm_log:inst|lpm_mult:cuadrado_X|multcore:mult_core|mul_boothc:booth_enc|sel0_a[7]~251                                                            ; 16      ;
; fsm_log:inst|lpm_add_sub:op_1|addcore:adder|$00006                                                                                                ; 15      ;
; fsm_log:inst|lpm_mult:cuadrado_X|multcore:mult_core|mpar_add:padder|mpar_add:sub_par_add|lpm_add_sub:adder[0]|addcore:adder|unreg_res_node[22]~68 ; 8       ;
; fsm_log:inst|s2~77                                                                                                                                ; 6       ;
; fsm_log:inst|c_min~33                                                                                                                             ; 6       ;
; fsm_log:inst|dec_C~31                                                                                                                             ; 5       ;
; ~GND~0                                                                                                                                            ; 5       ;
; fsm_log:inst|lpm_mult:cuadrado_X|multcore:mult_core|_~3525                                                                                        ; 5       ;
; fsm_log:inst|lpm_mult:cuadrado_X|multcore:mult_core|mpar_add:padder|lpm_add_sub:adder[0]|addcore:adder|unreg_res_node[20]~49                      ; 5       ;
; fsm_log:inst|lpm_mult:cuadrado_X|multcore:mult_core|_~3526                                                                                        ; 5       ;
; fsm_log:inst|s0~68                                                                                                                                ; 5       ;
; fsm_log:inst|lpm_mult:cuadrado_X|multcore:mult_core|_~3521                                                                                        ; 4       ;
; fsm_log:inst|lpm_add_sub:op_1|addcore:adder|a_csnbuffer:result_node|cout[0]                                                                       ; 4       ;
; START                                                                                                                                             ; 4       ;
; fsm_log:inst|_~109                                                                                                                                ; 4       ;
; fsm_log:inst|lpm_mult:cuadrado_X|multcore:mult_core|mpar_add:padder|lpm_add_sub:adder[2]|addcore:adder|unreg_res_node[20]~88                      ; 4       ;
+---------------------------------------------------------------------------------------------------------------------------------------------------+---------+


+------------------------------------------------------------------------------------------------------+
; Peripheral Signals                                                                                   ;
+---------------------+---------+-------------+-----------------+---------------------------+----------+
; Peripheral Signal   ; Source  ; Usage       ; Dedicated Clock ; Peripheral Control Signal ; Polarity ;
+---------------------+---------+-------------+-----------------+---------------------------+----------+
; fsm_log:inst|load_C ; LC1_F27 ; Async. load ; no              ; yes                       ; +ve      ;
+---------------------+---------+-------------+-----------------+---------------------------+----------+


+-------------------------------------------+
; LAB                                       ;
+--------------------------+----------------+
; Number of Logic Elements ; Number of LABs ;
+--------------------------+----------------+
; 0                        ; 402            ;
; 1                        ; 6              ;
; 2                        ; 1              ;
; 3                        ; 0              ;
; 4                        ; 1              ;
; 5                        ; 2              ;
; 6                        ; 2              ;
; 7                        ; 5              ;
; 8                        ; 49             ;
+--------------------------+----------------+


+----------------------------------------------+
; Local Routing Interconnect                   ;
+-----------------------------+----------------+
; Local Routing Interconnects ; Number of LABs ;
+-----------------------------+----------------+
; 0                           ; 440            ;
; 1                           ; 6              ;
; 2                           ; 10             ;
; 3                           ; 2              ;
; 4                           ; 5              ;
; 5                           ; 2              ;
; 6                           ; 2              ;
; 7                           ; 1              ;
+-----------------------------+----------------+


+---------------------------------------------+
; LAB External Interconnect                   ;
+----------------------------+----------------+
; LAB External Interconnects ; Number of LABs ;
+----------------------------+----------------+
; 0 - 1                      ; 404            ;
; 2 - 3                      ; 4              ;
; 4 - 5                      ; 4              ;
; 6 - 7                      ; 6              ;
; 8 - 9                      ; 8              ;
; 10 - 11                    ; 6              ;
; 12 - 13                    ; 13             ;
; 14 - 15                    ; 6              ;
; 16 - 17                    ; 16             ;
; 18 - 19                    ; 1              ;
+----------------------------+----------------+


+------------------------------------------------------------------------------------------+
; Row Interconnect                                                                         ;
+-------+---------------------+-----------------------------+------------------------------+
; Row   ; Interconnect Used   ; Left Half Interconnect Used ; Right Half Interconnect Used ;
+-------+---------------------+-----------------------------+------------------------------+
;  A    ;  0 / 208 ( 0 % )    ;  0 / 104 ( 0 % )            ;  0 / 104 ( 0 % )             ;
;  B    ;  0 / 208 ( 0 % )    ;  0 / 104 ( 0 % )            ;  0 / 104 ( 0 % )             ;
;  C    ;  1 / 208 ( < 1 % )  ;  0 / 104 ( 0 % )            ;  0 / 104 ( 0 % )             ;
;  D    ;  101 / 208 ( 48 % ) ;  82 / 104 ( 78 % )          ;  81 / 104 ( 77 % )           ;
;  E    ;  2 / 208 ( < 1 % )  ;  0 / 104 ( 0 % )            ;  2 / 104 ( 1 % )             ;
;  F    ;  67 / 208 ( 32 % )  ;  90 / 104 ( 86 % )          ;  2 / 104 ( 1 % )             ;
;  G    ;  1 / 208 ( < 1 % )  ;  0 / 104 ( 0 % )            ;  0 / 104 ( 0 % )             ;
;  H    ;  0 / 208 ( 0 % )    ;  0 / 104 ( 0 % )            ;  0 / 104 ( 0 % )             ;
;  I    ;  4 / 208 ( 1 % )    ;  0 / 104 ( 0 % )            ;  20 / 104 ( 19 % )           ;
; Total ;  176 / 1872 ( 9 % ) ;  172 / 936 ( 18 % )         ;  105 / 936 ( 11 % )          ;
+-------+---------------------+-----------------------------+------------------------------+


+-----------------------------+
; LAB Column Interconnect     ;
+-------+---------------------+
; Col.  ; Interconnect Used   ;
+-------+---------------------+
; 1     ;  0 / 24 ( 0 % )     ;
; 2     ;  0 / 24 ( 0 % )     ;
; 3     ;  1 / 24 ( 4 % )     ;
; 4     ;  3 / 24 ( 12 % )    ;
; 5     ;  0 / 24 ( 0 % )     ;
; 6     ;  0 / 24 ( 0 % )     ;
; 7     ;  0 / 24 ( 0 % )     ;
; 8     ;  0 / 24 ( 0 % )     ;
; 9     ;  0 / 24 ( 0 % )     ;
; 10    ;  0 / 24 ( 0 % )     ;
; 11    ;  1 / 24 ( 4 % )     ;
; 12    ;  0 / 24 ( 0 % )     ;
; 13    ;  0 / 24 ( 0 % )     ;
; 14    ;  4 / 24 ( 16 % )    ;
; 15    ;  0 / 24 ( 0 % )     ;
; 16    ;  13 / 24 ( 54 % )   ;
; 17    ;  1 / 24 ( 4 % )     ;
; 18    ;  9 / 24 ( 37 % )    ;
; 19    ;  5 / 24 ( 20 % )    ;
; 20    ;  4 / 24 ( 16 % )    ;
; 21    ;  3 / 24 ( 12 % )    ;
; 22    ;  6 / 24 ( 25 % )    ;
; 23    ;  4 / 24 ( 16 % )    ;
; 24    ;  7 / 24 ( 29 % )    ;
; 25    ;  6 / 24 ( 25 % )    ;
; 26    ;  5 / 24 ( 20 % )    ;
; 27    ;  5 / 24 ( 20 % )    ;
; 28    ;  4 / 24 ( 16 % )    ;
; 29    ;  2 / 24 ( 8 % )     ;
; 30    ;  1 / 24 ( 4 % )     ;
; 31    ;  3 / 24 ( 12 % )    ;
; 32    ;  3 / 24 ( 12 % )    ;
; 33    ;  5 / 24 ( 20 % )    ;
; 34    ;  1 / 24 ( 4 % )     ;
; 35    ;  0 / 24 ( 0 % )     ;
; 36    ;  0 / 24 ( 0 % )     ;
; 37    ;  0 / 24 ( 0 % )     ;
; 38    ;  0 / 24 ( 0 % )     ;
; 39    ;  3 / 24 ( 12 % )    ;
; 40    ;  3 / 24 ( 12 % )    ;
; 41    ;  0 / 24 ( 0 % )     ;
; 42    ;  1 / 24 ( 4 % )     ;
; 43    ;  0 / 24 ( 0 % )     ;
; 44    ;  0 / 24 ( 0 % )     ;
; 45    ;  0 / 24 ( 0 % )     ;
; 46    ;  0 / 24 ( 0 % )     ;
; 47    ;  0 / 24 ( 0 % )     ;
; 48    ;  0 / 24 ( 0 % )     ;
; 49    ;  0 / 24 ( 0 % )     ;
; 50    ;  0 / 24 ( 0 % )     ;
; 51    ;  0 / 24 ( 0 % )     ;
; 52    ;  0 / 24 ( 0 % )     ;
; Total ;  103 / 1248 ( 8 % ) ;
+-------+---------------------+


+---------------------------+
; LAB Column Interconnect   ;
+-------+-------------------+
; Col.  ; Interconnect Used ;
+-------+-------------------+
; 1     ;  0 / 24 ( 0 % )   ;
; Total ;  0 / 24 ( 0 % )   ;
+-------+-------------------+


+------------------------------------------------------------------------------+
; Fitter Resource Usage Summary                                                ;
+--------------------------------+---------------------------------------------+
; Resource                       ; Usage                                       ;
+--------------------------------+---------------------------------------------+
; Registers                      ; 43 / 3,744 ( 1 % )                          ;
; Total LABs                     ; 0 / 468 ( 0 % )                             ;
; Logic elements in carry chains ; 235                                         ;
; User inserted logic elements   ; 0                                           ;
; I/O pins                       ; 50 / 189 ( 26 % )                           ;
;     -- Clock pins              ; 2                                           ;
;     -- Dedicated input pins    ; 3 / 4 ( 75 % )                              ;
; Global signals                 ; 3                                           ;
; EABs                           ; 0 / 9 ( 0 % )                               ;
; Total memory bits              ; 0 / 18,432 ( 0 % )                          ;
; Total RAM block bits           ; 0 / 18,432 ( 0 % )                          ;
; Maximum fan-out node           ; fsm_log:inst|lpm_shiftreg:shifter_X|dffs[0] ;
; Maximum fan-out                ; 47                                          ;
; Total fan-out                  ; 1554                                        ;
; Average fan-out                ; 3.04                                        ;
+--------------------------------+---------------------------------------------+


+-------------------------------------------------------------------------------------------------------------------------------------------------------------------------------------------------------------------------------------------------------------------------------------------------------------------------------------------------------------------------------------------+
; Fitter Resource Utilization by Entity                                                                                                                                                                                                                                                                                                                                                     ;
+---------------------------------------------------------+-------------+--------------+-------------+------+--------------+-------------------+------------------+-----------------+-------------------------------------------------------------------------------------------------------------------------------------------------------------------------------------------------------+
; Compilation Hierarchy Node                              ; Logic Cells ; LC Registers ; Memory Bits ; Pins ; LUT-Only LCs ; Register-Only LCs ; LUT/Register LCs ; Carry Chain LCs ; Full Hierarchy Name                                                                                                                                                                                   ;
+---------------------------------------------------------+-------------+--------------+-------------+------+--------------+-------------------+------------------+-----------------+-------------------------------------------------------------------------------------------------------------------------------------------------------------------------------------------------------+
; |LogBin                                                 ; 461 (3)     ; 43           ; 0           ; 50   ; 418 (3)      ; 9 (0)             ; 34 (0)           ; 235 (0)         ; |LogBin                                                                                                                                                                                               ;
;    |fsm_log:inst|                                       ; 458 (19)    ; 43           ; 0           ; 0    ; 415 (9)      ; 9 (2)             ; 34 (8)           ; 235 (0)         ; |LogBin|fsm_log:inst                                                                                                                                                                                  ;
;       |lpm_add_sub:op_1|                                ; 12 (0)      ; 0            ; 0           ; 0    ; 12 (0)       ; 0 (0)             ; 0 (0)            ; 12 (0)          ; |LogBin|fsm_log:inst|lpm_add_sub:op_1                                                                                                                                                                 ;
;          |addcore:adder|                                ; 12 (2)      ; 0            ; 0           ; 0    ; 12 (2)       ; 0 (0)             ; 0 (0)            ; 12 (2)          ; |LogBin|fsm_log:inst|lpm_add_sub:op_1|addcore:adder                                                                                                                                                   ;
;             |a_csnbuffer:result_node|                   ; 10 (10)     ; 0            ; 0           ; 0    ; 10 (10)      ; 0 (0)             ; 0 (0)            ; 10 (10)         ; |LogBin|fsm_log:inst|lpm_add_sub:op_1|addcore:adder|a_csnbuffer:result_node                                                                                                                           ;
;       |lpm_counter:contador_C|                          ; 5 (0)       ; 5            ; 0           ; 0    ; 0 (0)        ; 0 (0)             ; 5 (0)            ; 5 (0)           ; |LogBin|fsm_log:inst|lpm_counter:contador_C                                                                                                                                                           ;
;          |alt_counter_f10ke:wysi_counter|               ; 5 (5)       ; 5            ; 0           ; 0    ; 0 (0)        ; 0 (0)             ; 5 (5)            ; 5 (5)           ; |LogBin|fsm_log:inst|lpm_counter:contador_C|alt_counter_f10ke:wysi_counter                                                                                                                            ;
;       |lpm_counter:contador_Q|                          ; 4 (0)       ; 4            ; 0           ; 0    ; 0 (0)        ; 0 (0)             ; 4 (0)            ; 4 (0)           ; |LogBin|fsm_log:inst|lpm_counter:contador_Q                                                                                                                                                           ;
;          |alt_counter_f10ke:wysi_counter|               ; 4 (4)       ; 4            ; 0           ; 0    ; 0 (0)        ; 0 (0)             ; 4 (4)            ; 4 (4)           ; |LogBin|fsm_log:inst|lpm_counter:contador_Q|alt_counter_f10ke:wysi_counter                                                                                                                            ;
;       |lpm_mult:cuadrado_X|                             ; 376 (0)     ; 0            ; 0           ; 0    ; 376 (0)      ; 0 (0)             ; 0 (0)            ; 211 (0)         ; |LogBin|fsm_log:inst|lpm_mult:cuadrado_X                                                                                                                                                              ;
;          |multcore:mult_core|                           ; 376 (165)   ; 0            ; 0           ; 0    ; 376 (165)    ; 0 (0)             ; 0 (0)            ; 211 (0)         ; |LogBin|fsm_log:inst|lpm_mult:cuadrado_X|multcore:mult_core                                                                                                                                           ;
;             |mpar_add:padder|                           ; 188 (0)     ; 0            ; 0           ; 0    ; 188 (0)      ; 0 (0)             ; 0 (0)            ; 188 (0)         ; |LogBin|fsm_log:inst|lpm_mult:cuadrado_X|multcore:mult_core|mpar_add:padder                                                                                                                           ;
;                |lpm_add_sub:adder[0]|                   ; 21 (0)      ; 0            ; 0           ; 0    ; 21 (0)       ; 0 (0)             ; 0 (0)            ; 21 (0)          ; |LogBin|fsm_log:inst|lpm_mult:cuadrado_X|multcore:mult_core|mpar_add:padder|lpm_add_sub:adder[0]                                                                                                      ;
;                   |addcore:adder|                       ; 21 (1)      ; 0            ; 0           ; 0    ; 21 (1)       ; 0 (0)             ; 0 (0)            ; 21 (1)          ; |LogBin|fsm_log:inst|lpm_mult:cuadrado_X|multcore:mult_core|mpar_add:padder|lpm_add_sub:adder[0]|addcore:adder                                                                                        ;
;                      |a_csnbuffer:result_node|          ; 20 (20)     ; 0            ; 0           ; 0    ; 20 (20)      ; 0 (0)             ; 0 (0)            ; 20 (20)         ; |LogBin|fsm_log:inst|lpm_mult:cuadrado_X|multcore:mult_core|mpar_add:padder|lpm_add_sub:adder[0]|addcore:adder|a_csnbuffer:result_node                                                                ;
;                |lpm_add_sub:adder[1]|                   ; 21 (0)      ; 0            ; 0           ; 0    ; 21 (0)       ; 0 (0)             ; 0 (0)            ; 21 (0)          ; |LogBin|fsm_log:inst|lpm_mult:cuadrado_X|multcore:mult_core|mpar_add:padder|lpm_add_sub:adder[1]                                                                                                      ;
;                   |addcore:adder|                       ; 21 (1)      ; 0            ; 0           ; 0    ; 21 (1)       ; 0 (0)             ; 0 (0)            ; 21 (1)          ; |LogBin|fsm_log:inst|lpm_mult:cuadrado_X|multcore:mult_core|mpar_add:padder|lpm_add_sub:adder[1]|addcore:adder                                                                                        ;
;                      |a_csnbuffer:result_node|          ; 20 (20)     ; 0            ; 0           ; 0    ; 20 (20)      ; 0 (0)             ; 0 (0)            ; 20 (20)         ; |LogBin|fsm_log:inst|lpm_mult:cuadrado_X|multcore:mult_core|mpar_add:padder|lpm_add_sub:adder[1]|addcore:adder|a_csnbuffer:result_node                                                                ;
;                |lpm_add_sub:adder[2]|                   ; 21 (0)      ; 0            ; 0           ; 0    ; 21 (0)       ; 0 (0)             ; 0 (0)            ; 21 (0)          ; |LogBin|fsm_log:inst|lpm_mult:cuadrado_X|multcore:mult_core|mpar_add:padder|lpm_add_sub:adder[2]                                                                                                      ;
;                   |addcore:adder|                       ; 21 (1)      ; 0            ; 0           ; 0    ; 21 (1)       ; 0 (0)             ; 0 (0)            ; 21 (1)          ; |LogBin|fsm_log:inst|lpm_mult:cuadrado_X|multcore:mult_core|mpar_add:padder|lpm_add_sub:adder[2]|addcore:adder                                                                                        ;
;                      |a_csnbuffer:result_node|          ; 20 (20)     ; 0            ; 0           ; 0    ; 20 (20)      ; 0 (0)             ; 0 (0)            ; 20 (20)         ; |LogBin|fsm_log:inst|lpm_mult:cuadrado_X|multcore:mult_core|mpar_add:padder|lpm_add_sub:adder[2]|addcore:adder|a_csnbuffer:result_node                                                                ;
;                |lpm_add_sub:adder[3]|                   ; 20 (0)      ; 0            ; 0           ; 0    ; 20 (0)       ; 0 (0)             ; 0 (0)            ; 20 (0)          ; |LogBin|fsm_log:inst|lpm_mult:cuadrado_X|multcore:mult_core|mpar_add:padder|lpm_add_sub:adder[3]                                                                                                      ;
;                   |addcore:adder|                       ; 20 (1)      ; 0            ; 0           ; 0    ; 20 (1)       ; 0 (0)             ; 0 (0)            ; 20 (1)          ; |LogBin|fsm_log:inst|lpm_mult:cuadrado_X|multcore:mult_core|mpar_add:padder|lpm_add_sub:adder[3]|addcore:adder                                                                                        ;
;                      |a_csnbuffer:result_node|          ; 19 (19)     ; 0            ; 0           ; 0    ; 19 (19)      ; 0 (0)             ; 0 (0)            ; 19 (19)         ; |LogBin|fsm_log:inst|lpm_mult:cuadrado_X|multcore:mult_core|mpar_add:padder|lpm_add_sub:adder[3]|addcore:adder|a_csnbuffer:result_node                                                                ;
;                |lpm_add_sub:adder[4]|                   ; 16 (0)      ; 0            ; 0           ; 0    ; 16 (0)       ; 0 (0)             ; 0 (0)            ; 16 (0)          ; |LogBin|fsm_log:inst|lpm_mult:cuadrado_X|multcore:mult_core|mpar_add:padder|lpm_add_sub:adder[4]                                                                                                      ;
;                   |addcore:adder|                       ; 16 (1)      ; 0            ; 0           ; 0    ; 16 (1)       ; 0 (0)             ; 0 (0)            ; 16 (1)          ; |LogBin|fsm_log:inst|lpm_mult:cuadrado_X|multcore:mult_core|mpar_add:padder|lpm_add_sub:adder[4]|addcore:adder                                                                                        ;
;                      |a_csnbuffer:result_node|          ; 15 (15)     ; 0            ; 0           ; 0    ; 15 (15)      ; 0 (0)             ; 0 (0)            ; 15 (15)         ; |LogBin|fsm_log:inst|lpm_mult:cuadrado_X|multcore:mult_core|mpar_add:padder|lpm_add_sub:adder[4]|addcore:adder|a_csnbuffer:result_node                                                                ;
;                |mpar_add:sub_par_add|                   ; 89 (0)      ; 0            ; 0           ; 0    ; 89 (0)       ; 0 (0)             ; 0 (0)            ; 89 (0)          ; |LogBin|fsm_log:inst|lpm_mult:cuadrado_X|multcore:mult_core|mpar_add:padder|mpar_add:sub_par_add                                                                                                      ;
;                   |lpm_add_sub:adder[0]|                ; 23 (0)      ; 0            ; 0           ; 0    ; 23 (0)       ; 0 (0)             ; 0 (0)            ; 23 (0)          ; |LogBin|fsm_log:inst|lpm_mult:cuadrado_X|multcore:mult_core|mpar_add:padder|mpar_add:sub_par_add|lpm_add_sub:adder[0]                                                                                 ;
;                      |addcore:adder|                    ; 23 (1)      ; 0            ; 0           ; 0    ; 23 (1)       ; 0 (0)             ; 0 (0)            ; 23 (1)          ; |LogBin|fsm_log:inst|lpm_mult:cuadrado_X|multcore:mult_core|mpar_add:padder|mpar_add:sub_par_add|lpm_add_sub:adder[0]|addcore:adder                                                                   ;
;                         |a_csnbuffer:result_node|       ; 22 (22)     ; 0            ; 0           ; 0    ; 22 (22)      ; 0 (0)             ; 0 (0)            ; 22 (22)         ; |LogBin|fsm_log:inst|lpm_mult:cuadrado_X|multcore:mult_core|mpar_add:padder|mpar_add:sub_par_add|lpm_add_sub:adder[0]|addcore:adder|a_csnbuffer:result_node                                           ;
;                   |lpm_add_sub:adder[1]|                ; 22 (0)      ; 0            ; 0           ; 0    ; 22 (0)       ; 0 (0)             ; 0 (0)            ; 22 (0)          ; |LogBin|fsm_log:inst|lpm_mult:cuadrado_X|multcore:mult_core|mpar_add:padder|mpar_add:sub_par_add|lpm_add_sub:adder[1]                                                                                 ;
;                      |addcore:adder|                    ; 22 (1)      ; 0            ; 0           ; 0    ; 22 (1)       ; 0 (0)             ; 0 (0)            ; 22 (1)          ; |LogBin|fsm_log:inst|lpm_mult:cuadrado_X|multcore:mult_core|mpar_add:padder|mpar_add:sub_par_add|lpm_add_sub:adder[1]|addcore:adder                                                                   ;
;                         |a_csnbuffer:result_node|       ; 21 (21)     ; 0            ; 0           ; 0    ; 21 (21)      ; 0 (0)             ; 0 (0)            ; 21 (21)         ; |LogBin|fsm_log:inst|lpm_mult:cuadrado_X|multcore:mult_core|mpar_add:padder|mpar_add:sub_par_add|lpm_add_sub:adder[1]|addcore:adder|a_csnbuffer:result_node                                           ;
;                   |mpar_add:sub_par_add|                ; 44 (0)      ; 0            ; 0           ; 0    ; 44 (0)       ; 0 (0)             ; 0 (0)            ; 44 (0)          ; |LogBin|fsm_log:inst|lpm_mult:cuadrado_X|multcore:mult_core|mpar_add:padder|mpar_add:sub_par_add|mpar_add:sub_par_add                                                                                 ;
;                      |lpm_add_sub:adder[0]|             ; 26 (0)      ; 0            ; 0           ; 0    ; 26 (0)       ; 0 (0)             ; 0 (0)            ; 26 (0)          ; |LogBin|fsm_log:inst|lpm_mult:cuadrado_X|multcore:mult_core|mpar_add:padder|mpar_add:sub_par_add|mpar_add:sub_par_add|lpm_add_sub:adder[0]                                                            ;
;                         |addcore:adder|                 ; 26 (1)      ; 0            ; 0           ; 0    ; 26 (1)       ; 0 (0)             ; 0 (0)            ; 26 (1)          ; |LogBin|fsm_log:inst|lpm_mult:cuadrado_X|multcore:mult_core|mpar_add:padder|mpar_add:sub_par_add|mpar_add:sub_par_add|lpm_add_sub:adder[0]|addcore:adder                                              ;
;                            |a_csnbuffer:result_node|    ; 25 (25)     ; 0            ; 0           ; 0    ; 25 (25)      ; 0 (0)             ; 0 (0)            ; 25 (25)         ; |LogBin|fsm_log:inst|lpm_mult:cuadrado_X|multcore:mult_core|mpar_add:padder|mpar_add:sub_par_add|mpar_add:sub_par_add|lpm_add_sub:adder[0]|addcore:adder|a_csnbuffer:result_node                      ;
;                      |mpar_add:sub_par_add|             ; 18 (0)      ; 0            ; 0           ; 0    ; 18 (0)       ; 0 (0)             ; 0 (0)            ; 18 (0)          ; |LogBin|fsm_log:inst|lpm_mult:cuadrado_X|multcore:mult_core|mpar_add:padder|mpar_add:sub_par_add|mpar_add:sub_par_add|mpar_add:sub_par_add                                                            ;
;                         |lpm_add_sub:adder[0]|          ; 18 (0)      ; 0            ; 0           ; 0    ; 18 (0)       ; 0 (0)             ; 0 (0)            ; 18 (0)          ; |LogBin|fsm_log:inst|lpm_mult:cuadrado_X|multcore:mult_core|mpar_add:padder|mpar_add:sub_par_add|mpar_add:sub_par_add|mpar_add:sub_par_add|lpm_add_sub:adder[0]                                       ;
;                            |addcore:adder|              ; 18 (1)      ; 0            ; 0           ; 0    ; 18 (1)       ; 0 (0)             ; 0 (0)            ; 18 (1)          ; |LogBin|fsm_log:inst|lpm_mult:cuadrado_X|multcore:mult_core|mpar_add:padder|mpar_add:sub_par_add|mpar_add:sub_par_add|mpar_add:sub_par_add|lpm_add_sub:adder[0]|addcore:adder                         ;
;                               |a_csnbuffer:result_node| ; 17 (17)     ; 0            ; 0           ; 0    ; 17 (17)      ; 0 (0)             ; 0 (0)            ; 17 (17)         ; |LogBin|fsm_log:inst|lpm_mult:cuadrado_X|multcore:mult_core|mpar_add:padder|mpar_add:sub_par_add|mpar_add:sub_par_add|mpar_add:sub_par_add|lpm_add_sub:adder[0]|addcore:adder|a_csnbuffer:result_node ;
;             |mul_boothc:booth_enc|                      ; 23 (23)     ; 0            ; 0           ; 0    ; 23 (23)      ; 0 (0)             ; 0 (0)            ; 23 (23)         ; |LogBin|fsm_log:inst|lpm_mult:cuadrado_X|multcore:mult_core|mul_boothc:booth_enc                                                                                                                      ;
;       |lpm_mux:mux_X|                                   ; 2 (0)       ; 0            ; 0           ; 0    ; 2 (0)        ; 0 (0)             ; 0 (0)            ; 0 (0)           ; |LogBin|fsm_log:inst|lpm_mux:mux_X                                                                                                                                                                    ;
;          |muxlut:$00009|                                ; 1 (1)       ; 0            ; 0           ; 0    ; 1 (1)        ; 0 (0)             ; 0 (0)            ; 0 (0)           ; |LogBin|fsm_log:inst|lpm_mux:mux_X|muxlut:$00009                                                                                                                                                      ;
;          |muxlut:$00011|                                ; 1 (1)       ; 0            ; 0           ; 0    ; 1 (1)        ; 0 (0)             ; 0 (0)            ; 0 (0)           ; |LogBin|fsm_log:inst|lpm_mux:mux_X|muxlut:$00011                                                                                                                                                      ;
;       |lpm_shiftreg:shifter_M|                          ; 8 (8)       ; 8            ; 0           ; 0    ; 0 (0)        ; 7 (7)             ; 1 (1)            ; 1 (1)           ; |LogBin|fsm_log:inst|lpm_shiftreg:shifter_M                                                                                                                                                           ;
;       |lpm_shiftreg:shifter_X|                          ; 32 (32)     ; 16           ; 0           ; 0    ; 16 (16)      ; 0 (0)             ; 16 (16)          ; 2 (2)           ; |LogBin|fsm_log:inst|lpm_shiftreg:shifter_X                                                                                                                                                           ;
+---------------------------------------------------------+-------------+--------------+-------------+------+--------------+-------------------+------------------+-----------------+-------------------------------------------------------------------------------------------------------------------------------------------------------------------------------------------------------+
Note: For table entries with two numbers listed, the numbers in parentheses indicate the number of resources of the given type used by the specific entity alone. The numbers listed outside of parentheses indicate the total resources of the given type used by the specific entity and all of its sub-entities in the hierarchy.


+----------------------------------+
; Delay Chain Summary              ;
+---------+----------+-------------+
; Name    ; Pin Type ; Pad to Core ;
+---------+----------+-------------+
; START   ; Input    ; OFF         ;
; CLK     ; Input    ; OFF         ;
; RST     ; Input    ; OFF         ;
; NUM[15] ; Input    ; OFF         ;
; NUM[14] ; Input    ; OFF         ;
; NUM[13] ; Input    ; OFF         ;
; NUM[12] ; Input    ; OFF         ;
; NUM[11] ; Input    ; OFF         ;
; NUM[10] ; Input    ; OFF         ;
; NUM[0]  ; Input    ; OFF         ;
; NUM[1]  ; Input    ; OFF         ;
; NUM[9]  ; Input    ; OFF         ;
; NUM[8]  ; Input    ; OFF         ;
; NUM[2]  ; Input    ; OFF         ;
; NUM[3]  ; Input    ; OFF         ;
; NUM[4]  ; Input    ; OFF         ;
; NUM[5]  ; Input    ; OFF         ;
; NUM[6]  ; Input    ; OFF         ;
; NUM[7]  ; Input    ; OFF         ;
; READY   ; Output   ; OFF         ;
; -INF    ; Output   ; OFF         ;
; C[4]    ; Output   ; OFF         ;
; C[3]    ; Output   ; OFF         ;
; C[2]    ; Output   ; OFF         ;
; C[1]    ; Output   ; OFF         ;
; C[0]    ; Output   ; OFF         ;
; M[7]    ; Output   ; OFF         ;
; M[6]    ; Output   ; OFF         ;
; M[5]    ; Output   ; OFF         ;
; M[4]    ; Output   ; OFF         ;
; M[3]    ; Output   ; OFF         ;
; M[2]    ; Output   ; OFF         ;
; M[1]    ; Output   ; OFF         ;
; M[0]    ; Output   ; OFF         ;
; SS[2]   ; Output   ; OFF         ;
; SS[1]   ; Output   ; OFF         ;
; SS[0]   ; Output   ; OFF         ;
; Y[12]   ; Output   ; OFF         ;
; Y[11]   ; Output   ; OFF         ;
; Y[10]   ; Output   ; OFF         ;
; Y[9]    ; Output   ; OFF         ;
; Y[8]    ; Output   ; OFF         ;
; Y[7]    ; Output   ; OFF         ;
; Y[6]    ; Output   ; OFF         ;
; Y[5]    ; Output   ; OFF         ;
; Y[4]    ; Output   ; OFF         ;
; Y[3]    ; Output   ; OFF         ;
; Y[2]    ; Output   ; OFF         ;
; Y[1]    ; Output   ; OFF         ;
; Y[0]    ; Output   ; OFF         ;
+---------+----------+-------------+


+--------------+
; Pin-Out File ;
+--------------+
The pin-out file can be found in L:/My Works/Ingeniería Electrónica/Semestre VI/Sistemas Digitales II/Logaritmo Binario 4 (X16 Y13) Mejorado/LogBin.pin.


+-----------------+
; Fitter Messages ;
+-----------------+
Info: *******************************************************************
Info: Running Quartus II Fitter
    Info: Version 5.0 Build 148 04/26/2005 SJ Full Version
    Info: Processing started: Mon May 26 22:57:34 2008
Info: Command: quartus_fit --read_settings_files=off --write_settings_files=off LogBin -c LogBin
Info: Selected device EPF10K70RC240-4 for design "LogBin"
Warning: Feature SignalProbe is not available with your current license
Info: Timing requirements not specified -- optimizing circuit to achieve the following default global requirements
    Info: Assuming a global fmax requirement of 1000 MHz
    Info: Not setting a global tsu requirement
    Info: Not setting a global tco requirement
    Info: Not setting a global tpd requirement
Info: Inserted 2 logic cells in first fitting attempt
Info: Started fitting attempt 1 on Mon May 26 2008 at 22:57:38
Info: Fitter placement preparation operations beginning
Info: Fitter placement preparation operations ending: elapsed time is 00:00:00
Info: Fitter placement operations beginning
Info: Fitter placement operations ending: elapsed time is 00:00:04
Info: Fitter routing operations beginning
Info: Fitter routing operations ending: elapsed time is 00:00:06
Info: Quartus II Fitter was successful. 0 errors, 1 warning
    Info: Processing ended: Mon May 26 22:57:55 2008
    Info: Elapsed time: 00:00:21


